Performing C SOURCE FILE Test CMAKE_HAVE_LIBC_PTHREAD failed with the following output:
Change Dir: /home/icebear/MyProjects/ROSProjects/yoloqt_ws/build/CMakeFiles/CMakeTmp

Run Build Command(s):/usr/bin/make cmTC_067c6/fast && /usr/bin/make -f CMakeFiles/cmTC_067c6.dir/build.make CMakeFiles/cmTC_067c6.dir/build
make[1]: Entering directory '/home/icebear/MyProjects/ROSProjects/yoloqt_ws/build/CMakeFiles/CMakeTmp'
Building C object CMakeFiles/cmTC_067c6.dir/src.c.o
/usr/bin/cc   -DCMAKE_HAVE_LIBC_PTHREAD   -o CMakeFiles/cmTC_067c6.dir/src.c.o   -c /home/icebear/MyProjects/ROSProjects/yoloqt_ws/build/CMakeFiles/CMakeTmp/src.c
Linking C executable cmTC_067c6
/usr/bin/cmake -E cmake_link_script CMakeFiles/cmTC_067c6.dir/link.txt --verbose=1
/usr/bin/cc  -DCMAKE_HAVE_LIBC_PTHREAD    -rdynamic CMakeFiles/cmTC_067c6.dir/src.c.o  -o cmTC_067c6 
/usr/bin/ld: CMakeFiles/cmTC_067c6.dir/src.c.o: in function `main':
src.c:(.text+0x48): undefined reference to `pthread_create'
/usr/bin/ld: src.c:(.text+0x50): undefined reference to `pthread_detach'
/usr/bin/ld: src.c:(.text+0x5c): undefined reference to `pthread_join'
collect2: error: ld returned 1 exit status
make[1]: *** [CMakeFiles/cmTC_067c6.dir/build.make:87: cmTC_067c6] Error 1
make[1]: Leaving directory '/home/icebear/MyProjects/ROSProjects/yoloqt_ws/build/CMakeFiles/CMakeTmp'
make: *** [Makefile:121: cmTC_067c6/fast] Error 2


Source file was:
#include <pthread.h>

void* test_func(void* data)
{
  return data;
}

int main(void)
{
  pthread_t thread;
  pthread_create(&thread, NULL, test_func, NULL);
  pthread_detach(thread);
  pthread_join(thread, NULL);
  pthread_atfork(NULL, NULL, NULL);
  pthread_exit(NULL);

  return 0;
}

Determining if the function pthread_create exists in the pthreads failed with the following output:
Change Dir: /home/icebear/MyProjects/ROSProjects/yoloqt_ws/build/CMakeFiles/CMakeTmp

Run Build Command(s):/usr/bin/make cmTC_4b38c/fast && /usr/bin/make -f CMakeFiles/cmTC_4b38c.dir/build.make CMakeFiles/cmTC_4b38c.dir/build
make[1]: Entering directory '/home/icebear/MyProjects/ROSProjects/yoloqt_ws/build/CMakeFiles/CMakeTmp'
Building C object CMakeFiles/cmTC_4b38c.dir/CheckFunctionExists.c.o
/usr/bin/cc   -DCHECK_FUNCTION_EXISTS=pthread_create   -o CMakeFiles/cmTC_4b38c.dir/CheckFunctionExists.c.o   -c /usr/share/cmake-3.16/Modules/CheckFunctionExists.c
Linking C executable cmTC_4b38c
/usr/bin/cmake -E cmake_link_script CMakeFiles/cmTC_4b38c.dir/link.txt --verbose=1
/usr/bin/cc  -DCHECK_FUNCTION_EXISTS=pthread_create    -rdynamic CMakeFiles/cmTC_4b38c.dir/CheckFunctionExists.c.o  -o cmTC_4b38c  -lpthreads 
/usr/bin/ld: cannot find -lpthreads
collect2: error: ld returned 1 exit status
make[1]: *** [CMakeFiles/cmTC_4b38c.dir/build.make:87: cmTC_4b38c] Error 1
make[1]: Leaving directory '/home/icebear/MyProjects/ROSProjects/yoloqt_ws/build/CMakeFiles/CMakeTmp'
make: *** [Makefile:121: cmTC_4b38c/fast] Error 2



Performing C SOURCE FILE Test CMAKE_HAVE_LIBC_PTHREAD failed with the following output:
Change Dir: /home/icebear/MyProjects/ROSProjects/yoloqt_ws/build/CMakeFiles/CMakeTmp

Run Build Command(s):/usr/bin/ninja cmTC_e384a && [1/2] Building C object CMakeFiles/cmTC_e384a.dir/src.c.o
[2/2] Linking C executable cmTC_e384a
FAILED: cmTC_e384a 
: && /usr/bin/aarch64-linux-gnu-gcc -DCMAKE_HAVE_LIBC_PTHREAD  -rdynamic CMakeFiles/cmTC_e384a.dir/src.c.o  -o cmTC_e384a   && :
/usr/bin/ld: CMakeFiles/cmTC_e384a.dir/src.c.o: in function `main':
src.c:(.text+0x48): undefined reference to `pthread_create'
/usr/bin/ld: src.c:(.text+0x50): undefined reference to `pthread_detach'
/usr/bin/ld: src.c:(.text+0x5c): undefined reference to `pthread_join'
collect2: error: ld returned 1 exit status
ninja: build stopped: subcommand failed.


Source file was:
#include <pthread.h>

void* test_func(void* data)
{
  return data;
}

int main(void)
{
  pthread_t thread;
  pthread_create(&thread, NULL, test_func, NULL);
  pthread_detach(thread);
  pthread_join(thread, NULL);
  pthread_atfork(NULL, NULL, NULL);
  pthread_exit(NULL);

  return 0;
}

Determining if the function pthread_create exists in the pthreads failed with the following output:
Change Dir: /home/icebear/MyProjects/ROSProjects/yoloqt_ws/build/CMakeFiles/CMakeTmp

Run Build Command(s):/usr/bin/ninja cmTC_25ef1 && [1/2] Building C object CMakeFiles/cmTC_25ef1.dir/CheckFunctionExists.c.o
[2/2] Linking C executable cmTC_25ef1
FAILED: cmTC_25ef1 
: && /usr/bin/aarch64-linux-gnu-gcc -DCHECK_FUNCTION_EXISTS=pthread_create  -rdynamic CMakeFiles/cmTC_25ef1.dir/CheckFunctionExists.c.o  -o cmTC_25ef1  -lpthreads && :
/usr/bin/ld: 找不到 -lpthreads
collect2: error: ld returned 1 exit status
ninja: build stopped: subcommand failed.



